#
# A fatal error has been detected by the Java Runtime Environment:
#
#  EXCEPTION_ACCESS_VIOLATION (0xc0000005) at pc=0x000000005832277a, pid=7112, tid=7552
#
# JRE version: Java(TM) SE Runtime Environment (8.0_77-b03) (build 1.8.0_77-b03)
# Java VM: Java HotSpot(TM) 64-Bit Server VM (25.77-b03 mixed mode windows-amd64 compressed oops)
# Problematic frame:
# V  [jvm.dll+0x3f277a]
#
# Failed to write core dump. Minidumps are not enabled by default on client versions of Windows
#
# If you would like to submit a bug report, please visit:
#   http://bugreport.java.com/bugreport/crash.jsp
#

---------------  T H R E A D  ---------------

Current thread (0x000000000242c800):  GCTaskThread [stack: 0x0000000012070000,0x0000000012170000] [id=7552]

siginfo: ExceptionCode=0xc0000005, reading address 0xffffffffffffffff

Registers:
RAX=0x9300002f75000007, RBX=0x0000000000000be3, RCX=0x0000000000078c31, RDX=0x00000000561da740
RSP=0x000000001216f930, RBP=0x000000001216fa49, RSI=0x00000000561da740, RDI=0x00000000561da740
R8 =0x00000000a74c9d88, R9 =0x0000000000078c31, R10=0x000000000000000c, R11=0x00000000585289a8
R12=0x000000005857b828, R13=0x000000000242a0a0, R14=0x0000000002424f80, R15=0x0000000000000000
RIP=0x000000005832277a, EFLAGS=0x0000000000010202

Top of Stack: (sp=0x000000001216f930)
0x000000001216f930:   0000000056735f68 000000001216fa49
0x000000001216f940:   00000000561da740 000000005857b828
0x000000001216f950:   0000000056734868 000000001216fa49
0x000000001216f960:   0000000000000000 0000000000000004
0x000000001216f970:   00000000561da740 0000000058041cc2
0x000000001216f980:   00000000a02c1b08 0000000000000000
0x000000001216f990:   0000000000000000 000000000242a0a0
0x000000001216f9a0:   0000000002424f90 0000000002424f80
0x000000001216f9b0:   000000005857b828 00000000561da740
0x000000001216f9c0:   0000000000000000 000000001216fa49
0x000000001216f9d0:   0000000056165440 000000005831f750
0x000000001216f9e0:   00000000a74c9d88 0000000000000000
0x000000001216f9f0:   000000000242d400 00000000581455a4
0x000000001216fa00:   000000005857a720 00000000025de500
0x000000001216fa10:   00000000561da740 000000005857a748
0x000000001216fa20:   000000000242a000 000000001216fa00 

Instructions: (pc=0x000000005832277a)
0x000000005832275a:   00 74 28 8b 0d 2d 40 3a 00 45 8b 48 08 48 8b d6
0x000000005832276a:   49 d3 e1 4c 03 0d 14 40 3a 00 49 8b c9 49 8b 01
0x000000005832277a:   ff 90 08 01 00 00 e9 1b ff ff ff 4d 8b 48 08 48
0x000000005832278a:   8b d6 49 8b 01 49 8b c9 ff 90 08 01 00 00 e9 03 


Register to memory mapping:

RAX=0x9300002f75000007 is an unknown value
RBX=0x0000000000000be3 is an unknown value
RCX=0x0000000000078c31 is an unknown value
RDX=0x00000000561da740 is an unknown value
RSP=0x000000001216f930 is an unknown value
RBP=0x000000001216fa49 is an unknown value
RSI=0x00000000561da740 is an unknown value
RDI=0x00000000561da740 is an unknown value
R8 =0x00000000a74c9d88 is pointing into object: 0x00000000a74c9d80
org.gradle.cache.internal.btree.BlockPointer 
 - klass: 'org/gradle/cache/internal/btree/BlockPointer'
R9 =0x0000000000078c31 is an unknown value
R10=0x000000000000000c is an unknown value
R11=0x00000000585289a8 is an unknown value
R12=0x000000005857b828 is an unknown value
R13=0x000000000242a0a0 is an unknown value
R14=0x0000000002424f80 is an unknown value
R15=0x0000000000000000 is an unknown value


Stack: [0x0000000012070000,0x0000000012170000],  sp=0x000000001216f930,  free space=1022k
Native frames: (J=compiled Java code, j=interpreted, Vv=VM code, C=native code)
V  [jvm.dll+0x3f277a]
V  [jvm.dll+0x3ef750]
V  [jvm.dll+0x3ed37e]
V  [jvm.dll+0x29a27a]
C  [msvcr100.dll+0x21d9f]
C  [msvcr100.dll+0x21e3b]
C  [kernel32.dll+0x159cd]
C  [ntdll.dll+0x2a561]


---------------  P R O C E S S  ---------------

Java Threads: ( => current thread )
  0x000000006034f800 JavaThread "pool-17-thread-4" [_thread_blocked, id=8016, stack(0x000000006a0c0000,0x000000006a1c0000)]
  0x000000006034c800 JavaThread "pool-17-thread-3" [_thread_blocked, id=1920, stack(0x0000000069fc0000,0x000000006a0c0000)]
  0x000000006034f000 JavaThread "pool-17-thread-2" [_thread_blocked, id=6344, stack(0x0000000069e50000,0x0000000069f50000)]
  0x000000006034e000 JavaThread "pool-18-thread-1" [_thread_blocked, id=7204, stack(0x0000000069c70000,0x0000000069d70000)]
  0x000000006034d800 JavaThread "pool-17-thread-1" [_thread_blocked, id=1692, stack(0x00000000607b0000,0x00000000608b0000)]
  0x000000005f7f4000 JavaThread "pool-3-thread-3" [_thread_blocked, id=4612, stack(0x000000005b2d0000,0x000000005b3d0000)]
  0x000000005a60b800 JavaThread "Cache update executor" [_thread_blocked, id=6776, stack(0x0000000069b40000,0x0000000069c40000)]
  0x000000005f7f6000 JavaThread "Asynchronous log dispatcher for DefaultDaemonConnection: socket connection from /127.0.0.1:53573 to /127.0.0.1:55457" [_thread_blocked, id=7180, stack(0x000000005b5a0000,0x000000005b6a0000)]
  0x0000000059dd7000 JavaThread "Daemon worker Thread 3" [_thread_blocked, id=7252, stack(0x000000005b420000,0x000000005b520000)]
  0x0000000059dd1800 JavaThread "Cancel handler" [_thread_blocked, id=7616, stack(0x000000005ace0000,0x000000005ade0000)]
  0x0000000059dd1000 JavaThread "Handler for socket connection from /127.0.0.1:53573 to /127.0.0.1:55457" [_thread_in_native, id=7632, stack(0x000000005b160000,0x000000005b260000)]
  0x0000000059dcf800 JavaThread "Daemon Thread 3" [_thread_blocked, id=6596, stack(0x0000000058bf0000,0x0000000058cf0000)]
  0x000000005f7f7800 JavaThread "pool-3-thread-2" [_thread_blocked, id=3044, stack(0x0000000068170000,0x0000000068270000)]
  0x0000000061a2a800 JavaThread "pool-3-thread-1" [_thread_blocked, id=5820, stack(0x0000000060bd0000,0x0000000060cd0000)]
  0x0000000061a28800 JavaThread "Tasks limiter_4" daemon [_thread_blocked, id=8048, stack(0x00000000641c0000,0x00000000642c0000)]
  0x0000000061a27000 JavaThread "Tasks limiter_3" daemon [_thread_blocked, id=3240, stack(0x0000000065c20000,0x0000000065d20000)]
  0x0000000059ddd800 JavaThread "Tasks limiter_2" daemon [_thread_blocked, id=7644, stack(0x0000000065ae0000,0x0000000065be0000)]
  0x0000000059ddc000 JavaThread "Tasks limiter_1" daemon [_thread_blocked, id=900, stack(0x00000000624d0000,0x00000000625d0000)]
  0x0000000059dd5800 JavaThread "pool-2-thread-1" [_thread_blocked, id=8084, stack(0x00000000608c0000,0x00000000609c0000)]
  0x0000000059dd4800 JavaThread "File lock request listener" [_thread_in_native, id=8068, stack(0x0000000057ad0000,0x0000000057bd0000)]
  0x000000005a119800 JavaThread "Incoming local TCP Connector on port 53573" [_thread_in_native, id=7492, stack(0x000000005ade0000,0x000000005aee0000)]
  0x0000000059c29000 JavaThread "pool-1-thread-1" [_thread_blocked, id=8008, stack(0x000000005a990000,0x000000005aa90000)]
  0x000000005776c000 JavaThread "Service Thread" daemon [_thread_blocked, id=8080, stack(0x0000000058cf0000,0x0000000058df0000)]
  0x00000000576ed000 JavaThread "C1 CompilerThread2" daemon [_thread_blocked, id=7312, stack(0x0000000058ad0000,0x0000000058bd0000)]
  0x00000000576df800 JavaThread "C2 CompilerThread1" daemon [_thread_blocked, id=5092, stack(0x00000000587d0000,0x00000000588d0000)]
  0x00000000576d8000 JavaThread "C2 CompilerThread0" daemon [_thread_blocked, id=7988, stack(0x0000000058940000,0x0000000058a40000)]
  0x00000000576cb000 JavaThread "Attach Listener" daemon [_thread_blocked, id=7928, stack(0x0000000057d00000,0x0000000057e00000)]
  0x00000000576ca800 JavaThread "Signal Dispatcher" daemon [_thread_blocked, id=652, stack(0x0000000057bd0000,0x0000000057cd0000)]
  0x00000000562cc800 JavaThread "Finalizer" daemon [_thread_blocked, id=7968, stack(0x00000000575c0000,0x00000000576c0000)]
  0x0000000056285800 JavaThread "Reference Handler" daemon [_thread_blocked, id=7224, stack(0x0000000057430000,0x0000000057530000)]
  0x00000000025df800 JavaThread "main" [_thread_blocked, id=7828, stack(0x00000000026a0000,0x00000000027a0000)]

Other Threads:
  0x000000005627e000 VMThread [stack: 0x00000000572a0000,0x00000000573a0000] [id=5952]
  0x00000000577bb800 WatcherThread [stack: 0x0000000058e70000,0x0000000058f70000] [id=6320]

=>0x000000000242c800 (exited) GCTaskThread [stack: 0x0000000012070000,0x0000000012170000] [id=7552]

VM state:at safepoint (normal execution)

VM Mutex/Monitor currently owned by a thread:  ([mutex/lock_event])
[0x00000000025dd3d0] Threads_lock - owner thread: 0x000000005627e000
[0x00000000025dd8d0] Heap_lock - owner thread: 0x000000006034d800

Heap:
 PSYoungGen      total 379392K, used 28685K [0x00000000e0000000, 0x00000000ff200000, 0x0000000100000000)
  eden space 261120K, 0% used [0x00000000e0000000,0x00000000e0000000,0x00000000eff00000)
  from space 118272K, 24% used [0x00000000f7e80000,0x00000000f9a83618,0x00000000ff200000)
  to   space 124416K, 0% used [0x00000000eff00000,0x00000000eff00000,0x00000000f7880000)
 ParOldGen       total 648192K, used 590631K [0x00000000a0000000, 0x00000000c7900000, 0x00000000e0000000)
  object space 648192K, 91% used [0x00000000a0000000,0x00000000c40c9d68,0x00000000c7900000)
 Metaspace       used 88778K, capacity 91840K, committed 93144K, reserved 1130496K
  class space    used 10575K, capacity 11134K, committed 11264K, reserved 1048576K

Card table byte_map: [0x0000000011b60000,0x0000000011e70000] byte_map_base: 0x0000000011660000

Marking Bits: (ParMarkBitMap*) 0x0000000058740600
 Begin Bits: [0x00000000125f0000, 0x0000000013df0000)
 End Bits:   [0x0000000013df0000, 0x00000000155f0000)

Polling page: 0x0000000000140000

CodeCache: size=245760Kb used=82287Kb max_used=83401Kb free=163472Kb
 bounds [0x00000000027a0000, 0x0000000007990000, 0x00000000117a0000]
 total_blobs=22323 nmethods=21476 adapters=755
 compilation: enabled

Compilation events (10 events):
Event: 4167.597 Thread 0x00000000576df800 nmethod 32713 0x0000000005dd8c90 code [0x0000000005dd8e20, 0x0000000005dd9278]
Event: 4167.753 Thread 0x00000000576ed000 32714       3       com.android.dx.rop.code.Rops::opCmpl (53 bytes)
Event: 4167.754 Thread 0x00000000576ed000 nmethod 32714 0x00000000055f5090 code [0x00000000055f52c0, 0x00000000055f5e38]
Event: 4167.789 Thread 0x00000000576d8000 32715   !   4       com.android.dx.dex.cf.CfTranslator::processMethods (596 bytes)
Event: 4168.104 Thread 0x00000000576df800 32716   !   4       java.util.ArrayList::batchRemove (255 bytes)
Event: 4168.122 Thread 0x00000000576df800 nmethod 32716 0x0000000005b8edd0 code [0x0000000005b8ef40, 0x0000000005b8f598]
Event: 4168.477 Thread 0x00000000576ed000 32717       3       com.android.dx.ssa.SsaBasicBlock::removeSuccessor (92 bytes)
Event: 4168.479 Thread 0x00000000576ed000 nmethod 32717 0x0000000005db78d0 code [0x0000000005db7ae0, 0x0000000005db85a8]
Event: 4168.481 Thread 0x00000000576ed000 32718       3       com.android.dx.util.IntList::removeIndex (52 bytes)
Event: 4168.483 Thread 0x00000000576ed000 nmethod 32718 0x00000000048eca90 code [0x00000000048ecc20, 0x00000000048ecf58]

GC Heap History (10 events):
Event: 4166.525 GC heap after
Heap after GC invocations=125 (full 9):
 PSYoungGen      total 359424K, used 34817K [0x00000000e0000000, 0x00000000ff180000, 0x0000000100000000)
  eden space 222720K, 0% used [0x00000000e0000000,0x00000000e0000000,0x00000000ed980000)
  from space 136704K, 25% used [0x00000000f6c00000,0x00000000f8e006f8,0x00000000ff180000)
  to   space 143360K, 0% used [0x00000000ed980000,0x00000000ed980000,0x00000000f6580000)
 ParOldGen       total 648192K, used 464910K [0x00000000a0000000, 0x00000000c7900000, 0x00000000e0000000)
  object space 648192K, 71% used [0x00000000a0000000,0x00000000bc603930,0x00000000c7900000)
 Metaspace       used 88778K, capacity 91840K, committed 93144K, reserved 1130496K
  class space    used 10575K, capacity 11134K, committed 11264K, reserved 1048576K
}
Event: 4166.847 GC heap before
{Heap before GC invocations=126 (full 9):
 PSYoungGen      total 359424K, used 257537K [0x00000000e0000000, 0x00000000ff180000, 0x0000000100000000)
  eden space 222720K, 100% used [0x00000000e0000000,0x00000000ed980000,0x00000000ed980000)
  from space 136704K, 25% used [0x00000000f6c00000,0x00000000f8e006f8,0x00000000ff180000)
  to   space 143360K, 0% used [0x00000000ed980000,0x00000000ed980000,0x00000000f6580000)
 ParOldGen       total 648192K, used 464910K [0x00000000a0000000, 0x00000000c7900000, 0x00000000e0000000)
  object space 648192K, 71% used [0x00000000a0000000,0x00000000bc603930,0x00000000c7900000)
 Metaspace       used 88778K, capacity 91840K, committed 93144K, reserved 1130496K
  class space    used 10575K, capacity 11134K, committed 11264K, reserved 1048576K
Event: 4166.972 GC heap after
Heap after GC invocations=126 (full 9):
 PSYoungGen      total 366080K, used 32339K [0x00000000e0000000, 0x00000000ffd80000, 0x0000000100000000)
  eden space 222720K, 0% used [0x00000000e0000000,0x00000000e0000000,0x00000000ed980000)
  from space 143360K, 22% used [0x00000000ed980000,0x00000000ef914ce0,0x00000000f6580000)
  to   space 138752K, 0% used [0x00000000f7600000,0x00000000f7600000,0x00000000ffd80000)
 ParOldGen       total 648192K, used 497758K [0x00000000a0000000, 0x00000000c7900000, 0x00000000e0000000)
  object space 648192K, 76% used [0x00000000a0000000,0x00000000be617af8,0x00000000c7900000)
 Metaspace       used 88778K, capacity 91840K, committed 93144K, reserved 1130496K
  class space    used 10575K, capacity 11134K, committed 11264K, reserved 1048576K
}
Event: 4167.313 GC heap before
{Heap before GC invocations=127 (full 9):
 PSYoungGen      total 366080K, used 255059K [0x00000000e0000000, 0x00000000ffd80000, 0x0000000100000000)
  eden space 222720K, 100% used [0x00000000e0000000,0x00000000ed980000,0x00000000ed980000)
  from space 143360K, 22% used [0x00000000ed980000,0x00000000ef914ce0,0x00000000f6580000)
  to   space 138752K, 0% used [0x00000000f7600000,0x00000000f7600000,0x00000000ffd80000)
 ParOldGen       total 648192K, used 497758K [0x00000000a0000000, 0x00000000c7900000, 0x00000000e0000000)
  object space 648192K, 76% used [0x00000000a0000000,0x00000000be617af8,0x00000000c7900000)
 Metaspace       used 88778K, capacity 91840K, committed 93144K, reserved 1130496K
  class space    used 10575K, capacity 11134K, committed 11264K, reserved 1048576K
Event: 4167.455 GC heap after
Heap after GC invocations=127 (full 9):
 PSYoungGen      total 369664K, used 28694K [0x00000000e0000000, 0x00000000ff280000, 0x0000000100000000)
  eden space 242176K, 0% used [0x00000000e0000000,0x00000000e0000000,0x00000000eec80000)
  from space 127488K, 22% used [0x00000000f7600000,0x00000000f9205b10,0x00000000ff280000)
  to   space 134144K, 0% used [0x00000000eec80000,0x00000000eec80000,0x00000000f6f80000)
 ParOldGen       total 648192K, used 529123K [0x00000000a0000000, 0x00000000c7900000, 0x00000000e0000000)
  object space 648192K, 81% used [0x00000000a0000000,0x00000000c04b8d88,0x00000000c7900000)
 Metaspace       used 88778K, capacity 91840K, committed 93144K, reserved 1130496K
  class space    used 10575K, capacity 11134K, committed 11264K, reserved 1048576K
}
Event: 4167.898 GC heap before
{Heap before GC invocations=128 (full 9):
 PSYoungGen      total 369664K, used 270870K [0x00000000e0000000, 0x00000000ff280000, 0x0000000100000000)
  eden space 242176K, 100% used [0x00000000e0000000,0x00000000eec80000,0x00000000eec80000)
  from space 127488K, 22% used [0x00000000f7600000,0x00000000f9205b10,0x00000000ff280000)
  to   space 134144K, 0% used [0x00000000eec80000,0x00000000eec80000,0x00000000f6f80000)
 ParOldGen       total 648192K, used 529123K [0x00000000a0000000, 0x00000000c7900000, 0x00000000e0000000)
  object space 648192K, 81% used [0x00000000a0000000,0x00000000c04b8d88,0x00000000c7900000)
 Metaspace       used 88778K, capacity 91840K, committed 93144K, reserved 1130496K
  class space    used 10575K, capacity 11134K, committed 11264K, reserved 1048576K
Event: 4168.022 GC heap after
Heap after GC invocations=128 (full 9):
 PSYoungGen      total 376320K, used 34624K [0x00000000e0000000, 0x00000000ffc80000, 0x0000000100000000)
  eden space 242176K, 0% used [0x00000000e0000000,0x00000000e0000000,0x00000000eec80000)
  from space 134144K, 25% used [0x00000000eec80000,0x00000000f0e50000,0x00000000f6f80000)
  to   space 129024K, 0% used [0x00000000f7e80000,0x00000000f7e80000,0x00000000ffc80000)
 ParOldGen       total 648192K, used 557057K [0x00000000a0000000, 0x00000000c7900000, 0x00000000e0000000)
  object space 648192K, 85% used [0x00000000a0000000,0x00000000c2000690,0x00000000c7900000)
 Metaspace       used 88778K, capacity 91840K, committed 93144K, reserved 1130496K
  class space    used 10575K, capacity 11134K, committed 11264K, reserved 1048576K
}
Event: 4168.582 GC heap before
{Heap before GC invocations=129 (full 9):
 PSYoungGen      total 376320K, used 276800K [0x00000000e0000000, 0x00000000ffc80000, 0x0000000100000000)
  eden space 242176K, 100% used [0x00000000e0000000,0x00000000eec80000,0x00000000eec80000)
  from space 134144K, 25% used [0x00000000eec80000,0x00000000f0e50000,0x00000000f6f80000)
  to   space 129024K, 0% used [0x00000000f7e80000,0x00000000f7e80000,0x00000000ffc80000)
 ParOldGen       total 648192K, used 557057K [0x00000000a0000000, 0x00000000c7900000, 0x00000000e0000000)
  object space 648192K, 85% used [0x00000000a0000000,0x00000000c2000690,0x00000000c7900000)
 Metaspace       used 88778K, capacity 91840K, committed 93144K, reserved 1130496K
  class space    used 10575K, capacity 11134K, committed 11264K, reserved 1048576K
Event: 4168.717 GC heap after
Heap after GC invocations=129 (full 9):
 PSYoungGen      total 379392K, used 28685K [0x00000000e0000000, 0x00000000ff200000, 0x0000000100000000)
  eden space 261120K, 0% used [0x00000000e0000000,0x00000000e0000000,0x00000000eff00000)
  from space 118272K, 24% used [0x00000000f7e80000,0x00000000f9a83618,0x00000000ff200000)
  to   space 124416K, 0% used [0x00000000eff00000,0x00000000eff00000,0x00000000f7880000)
 ParOldGen       total 648192K, used 590631K [0x00000000a0000000, 0x00000000c7900000, 0x00000000e0000000)
  object space 648192K, 91% used [0x00000000a0000000,0x00000000c40c9d68,0x00000000c7900000)
 Metaspace       used 88778K, capacity 91840K, committed 93144K, reserved 1130496K
  class space    used 10575K, capacity 11134K, committed 11264K, reserved 1048576K
}
Event: 4168.717 GC heap before
{Heap before GC invocations=130 (full 10):
 PSYoungGen      total 379392K, used 28685K [0x00000000e0000000, 0x00000000ff200000, 0x0000000100000000)
  eden space 261120K, 0% used [0x00000000e0000000,0x00000000e0000000,0x00000000eff00000)
  from space 118272K, 24% used [0x00000000f7e80000,0x00000000f9a83618,0x00000000ff200000)
  to   space 124416K, 0% used [0x00000000eff00000,0x00000000eff00000,0x00000000f7880000)
 ParOldGen       total 648192K, used 590631K [0x00000000a0000000, 0x00000000c7900000, 0x00000000e0000000)
  object space 648192K, 91% used [0x00000000a0000000,0x00000000c40c9d68,0x00000000c7900000)
 Metaspace       used 88778K, capacity 91840K, committed 93144K, reserved 1130496K
  class space    used 10575K, capacity 11134K, committed 11264K, reserved 1048576K

Deoptimization events (10 events):
Event: 4156.012 Thread 0x000000006034d800 Uncommon trap: reason=bimorphic action=maybe_recompile pc=0x000000000626f278 method=com.android.dx.cf.code.BytecodeArray.parseInstruction(ILcom/android/dx/cf/code/BytecodeArray$Visitor;)I @ 1417
Event: 4156.369 Thread 0x000000006034c800 Uncommon trap: reason=speculate_class_check action=maybe_recompile pc=0x0000000004d87af8 method=com.android.dx.rop.cst.TypedConstant.getBasicType()I @ 1
Event: 4156.744 Thread 0x000000006034c800 Uncommon trap: reason=unstable_if action=reinterpret pc=0x00000000047ec77c method=java.util.concurrent.ConcurrentHashMap.putVal(Ljava/lang/Object;Ljava/lang/Object;Z)Ljava/lang/Object; @ 98
Event: 4161.659 Thread 0x000000006034f000 Uncommon trap: reason=class_check action=maybe_recompile pc=0x00000000063bcafc method=com.android.dx.ssa.SCCP.replaceConstants()V @ 182
Event: 4163.201 Thread 0x000000006034f000 Uncommon trap: reason=unstable_if action=reinterpret pc=0x000000000716b43c method=com.android.dx.dex.cf.AttributeTranslator.getParameterAnnotations(Lcom/android/dx/cf/iface/Method;)Lcom/android/dx/rop/annotation/AnnotationsList; @ 32
Event: 4163.201 Thread 0x000000006034f000 Uncommon trap: reason=unstable_if action=reinterpret pc=0x0000000005310550 method=com.android.dx.dex.cf.AttributeTranslator.getParameterAnnotations(Lcom/android/dx/cf/iface/Method;)Lcom/android/dx/rop/annotation/AnnotationsList; @ 32
Event: 4163.447 Thread 0x000000006034c800 Uncommon trap: reason=unstable_if action=reinterpret pc=0x000000000544ce7c method=java.util.DualPivotQuicksort.sort([III[III)V @ 440
Event: 4166.125 Thread 0x000000006034e000 Uncommon trap: reason=unstable_if action=reinterpret pc=0x0000000005f320e8 method=java.util.concurrent.FutureTask.awaitDone(ZJ)I @ 70
Event: 4167.517 Thread 0x000000006034c800 Uncommon trap: reason=speculate_class_check action=maybe_recompile pc=0x0000000004d87af8 method=com.android.dx.rop.cst.TypedConstant.getBasicType()I @ 1
Event: 4167.517 Thread 0x000000006034c800 Uncommon trap: reason=speculate_class_check action=maybe_recompile pc=0x0000000004d87af8 method=com.android.dx.rop.cst.TypedConstant.getBasicType()I @ 1

Internal exceptions (10 events):
Event: 4114.976 Thread 0x0000000059dd7000 Exception <a 'java/lang/ClassCastException'> (0x00000000e2a02528) thrown at [D:\re\workspace\8-2-build-windows-amd64-cygwin\jdk8u77\6540\hotspot\src\share\vm\runtime\sharedRuntime.cpp, line 605]
Event: 4114.976 Thread 0x0000000059dd7000 Exception <a 'java/lang/ClassCastException'> (0x00000000e2a03a80) thrown at [D:\re\workspace\8-2-build-windows-amd64-cygwin\jdk8u77\6540\hotspot\src\share\vm\runtime\sharedRuntime.cpp, line 605]
Event: 4115.024 Thread 0x0000000059dd7000 Exception <a 'java/lang/ClassCastException'> (0x00000000e2f6d4f8) thrown at [D:\re\workspace\8-2-build-windows-amd64-cygwin\jdk8u77\6540\hotspot\src\share\vm\runtime\sharedRuntime.cpp, line 605]
Event: 4115.024 Thread 0x0000000059dd7000 Exception <a 'java/lang/ClassCastException'> (0x00000000e2f6ea50) thrown at [D:\re\workspace\8-2-build-windows-amd64-cygwin\jdk8u77\6540\hotspot\src\share\vm\runtime\sharedRuntime.cpp, line 605]
Event: 4115.025 Thread 0x0000000059dd7000 Exception <a 'java/lang/ClassCastException'> (0x00000000e2f8bc28) thrown at [D:\re\workspace\8-2-build-windows-amd64-cygwin\jdk8u77\6540\hotspot\src\share\vm\runtime\sharedRuntime.cpp, line 605]
Event: 4115.025 Thread 0x0000000059dd7000 Exception <a 'java/lang/ClassCastException'> (0x00000000e2f8d168) thrown at [D:\re\workspace\8-2-build-windows-amd64-cygwin\jdk8u77\6540\hotspot\src\share\vm\runtime\sharedRuntime.cpp, line 605]
Event: 4119.616 Thread 0x0000000059dd7000 Implicit null exception at 0x00000000077d3a34 to 0x00000000077d9b79
Event: 4120.783 Thread 0x0000000059dd7000 Exception <a 'java/lang/NoSuchMethodError': com.android.build.api.transform.Context.getVariantName()Ljava/lang/String;> (0x00000000e7ac7bc8) thrown at [D:\re\workspace\8-2-build-windows-amd64-cygwin\jdk8u77\6540\hotspot\src\share\vm\interpreter\linkResolve¶@r#°@
Event: 4131.446 Thread 0x0000000059ddd800 Implicit null exception at 0x0000000005ca4947 to 0x0000000005ca5015
Event: 4155.733 Thread 0x000000006034c800 Implicit null exception at 0x0000000002a14e51 to 0x0000000002a1580d

Events (10 events):
Event: 4167.517 Thread 0x000000006034c800 DEOPT PACKING pc=0x0000000004d87af8 sp=0x000000006a0bee60
Event: 4167.517 Thread 0x000000006034c800 DEOPT UNPACKING pc=0x00000000027e582a sp=0x000000006a0bedc0 mode 2
Event: 4167.517 Thread 0x000000006034c800 Uncommon trap: trap_request=0xffffff76 fr.pc=0x0000000004d87af8
Event: 4167.517 Thread 0x000000006034c800 DEOPT PACKING pc=0x0000000004d87af8 sp=0x000000006a0bee60
Event: 4167.517 Thread 0x000000006034c800 DEOPT UNPACKING pc=0x00000000027e582a sp=0x000000006a0bedc0 mode 2
Event: 4167.897 Executing VM operation: ParallelGCFailedAllocation
Event: 4168.022 Executing VM operation: ParallelGCFailedAllocation done
Event: 4168.123 Thread 0x00000000576df800 flushing nmethod 0x0000000002a146d0
Event: 4168.484 Thread 0x00000000576ed000 flushing nmethod 0x000000000317a710
Event: 4168.579 Executing VM operation: ParallelGCFailedAllocation


Dynamic libraries:
0x000000013f850000 - 0x000000013f887000 	C:\Program Files\Java\jdk1.8.0_77\bin\java.exe
0x0000000076cd0000 - 0x0000000076e7a000 	C:\Windows\SYSTEM32\ntdll.dll
0x0000000076ab0000 - 0x0000000076bcf000 	C:\Windows\system32\kernel32.dll
0x000007fefccf0000 - 0x000007fefcd5a000 	C:\Windows\system32\KERNELBASE.dll
0x000007fefe670000 - 0x000007fefe74b000 	C:\Windows\system32\ADVAPI32.dll
0x000007fefd260000 - 0x000007fefd2ff000 	C:\Windows\system32\msvcrt.dll
0x000007fefd490000 - 0x000007fefd4af000 	C:\Windows\SYSTEM32\sechost.dll
0x000007fefe2c0000 - 0x000007fefe3ed000 	C:\Windows\system32\RPCRT4.dll
0x0000000076bd0000 - 0x0000000076cca000 	C:\Windows\system32\USER32.dll
0x000007fefd4c0000 - 0x000007fefd527000 	C:\Windows\system32\GDI32.dll
0x000007fefe510000 - 0x000007fefe51e000 	C:\Windows\system32\LPK.dll
0x000007fefe3f0000 - 0x000007fefe4bb000 	C:\Windows\system32\USP10.dll
0x000007fefb320000 - 0x000007fefb514000 	C:\Windows\WinSxS\amd64_microsoft.windows.common-controls_6595b64144ccf1df_6.0.7601.18837_none_fa3b1e3d17594757\COMCTL32.dll
0x000007fefe5a0000 - 0x000007fefe611000 	C:\Windows\system32\SHLWAPI.dll
0x000007fefe640000 - 0x000007fefe66e000 	C:\Windows\system32\IMM32.DLL
0x000007fefd150000 - 0x000007fefd259000 	C:\Windows\system32\MSCTF.dll
0x0000000060ce0000 - 0x0000000060db2000 	C:\Program Files\Java\jdk1.8.0_77\jre\bin\msvcr100.dll
0x0000000057f30000 - 0x00000000587c0000 	C:\Program Files\Java\jdk1.8.0_77\jre\bin\server\jvm.dll
0x000007feef7b0000 - 0x000007feef7b9000 	C:\Windows\system32\WSOCK32.dll
0x000007fefe4c0000 - 0x000007fefe50d000 	C:\Windows\system32\WS2_32.dll
0x000007fefd4b0000 - 0x000007fefd4b8000 	C:\Windows\system32\NSI.dll
0x000007fef5520000 - 0x000007fef555b000 	C:\Windows\system32\WINMM.dll
0x000007fefb9e0000 - 0x000007fefb9ec000 	C:\Windows\system32\VERSION.dll
0x0000000076ea0000 - 0x0000000076ea7000 	C:\Windows\system32\PSAPI.DLL
0x000000006ed20000 - 0x000000006ed2f000 	C:\Program Files\Java\jdk1.8.0_77\jre\bin\verify.dll
0x0000000061030000 - 0x0000000061059000 	C:\Program Files\Java\jdk1.8.0_77\jre\bin\java.dll
0x000000006ed00000 - 0x000000006ed16000 	C:\Program Files\Java\jdk1.8.0_77\jre\bin\zip.dll
0x000007fefd530000 - 0x000007fefe2ba000 	C:\Windows\system32\SHELL32.dll
0x000007fefe750000 - 0x000007fefe94c000 	C:\Windows\system32\ole32.dll
0x000007fefc9c0000 - 0x000007fefc9cf000 	C:\Windows\system32\profapi.dll
0x0000000061010000 - 0x000000006102a000 	C:\Program Files\Java\jdk1.8.0_77\jre\bin\net.dll
0x000007fefc130000 - 0x000007fefc185000 	C:\Windows\system32\mswsock.dll
0x000007fefc120000 - 0x000007fefc127000 	C:\Windows\System32\wship6.dll
0x0000000060ff0000 - 0x0000000061001000 	C:\Program Files\Java\jdk1.8.0_77\jre\bin\nio.dll
0x000007fee2680000 - 0x000007fee269e000 	C:\Users\Administrator\.gradle\native\23\windows-amd64\native-platform.dll
0x000007fefc190000 - 0x000007fefc1a8000 	C:\Windows\system32\CRYPTSP.dll
0x000007fefbe90000 - 0x000007fefbed7000 	C:\Windows\system32\rsaenh.dll
0x000007fefca70000 - 0x000007fefca8e000 	C:\Windows\system32\USERENV.dll
0x000007fefc820000 - 0x000007fefc82f000 	C:\Windows\system32\CRYPTBASE.dll
0x000007fefa400000 - 0x000007fefa427000 	C:\Windows\system32\IPHLPAPI.DLL
0x000007fefa3e0000 - 0x000007fefa3eb000 	C:\Windows\system32\WINNSI.DLL
0x000007fefa270000 - 0x000007fefa281000 	C:\Windows\system32\dhcpcsvc6.DLL
0x000007fefa250000 - 0x000007fefa268000 	C:\Windows\system32\dhcpcsvc.DLL
0x00000000610b0000 - 0x00000000610bd000 	C:\Program Files\Java\jdk1.8.0_77\jre\bin\management.dll
0x000007fefc7c0000 - 0x000007fefc817000 	C:\Windows\system32\apphelp.dll
0x00000000024e0000 - 0x0000000002504000 	C:\Program Files\Java\jdk1.8.0_77\jre\bin\sunec.dll
0x0000000000020000 - 0x000000000002b000 	C:\Program Files\Java\jdk1.8.0_77\jre\bin\sunmscapi.dll
0x000007fefcb50000 - 0x000007fefccbd000 	C:\Windows\system32\CRYPT32.dll
0x000007fefc9d0000 - 0x000007fefc9df000 	C:\Windows\system32\MSASN1.dll
0x000007fef9160000 - 0x000007fef9285000 	C:\Windows\system32\dbghelp.dll

VM Arguments:
jvm_args: -Xmx1536m -Dfile.encoding=GBK -Duser.country=CN -Duser.language=zh -Duser.variant 
java_command: org.gradle.launcher.daemon.bootstrap.GradleDaemon 3.3
java_class_path (initial): C:\Users\Administrator\.gradle\wrapper\dists\gradle-3.3-all\71favf6d5mewst7cl6u6t08kx\gradle-3.3\lib\gradle-launcher-3.3.jar
Launcher Type: SUN_STANDARD

Environment Variables:
JAVA_HOME=C:\Program Files\Java\jdk1.8.0_77
CLASSPATH=D:\apache-tomcat-8.0.39\bin
PATH=C:\ProgramData\Oracle\Java\javapath;C:\Windows\system32;C:\Windows;C:\Windows\System32\Wbem;C:\Windows\System32\WindowsPowerShell\v1.0\;C:\Program Files\Java\jdk1.8.0_77\bin;C:\Program Files\Java\jdk1.8.0_77\jre\bin;.;C:\Program Files\Java\jdk1.8.0_77\lib\dt.jar;C:\Program Files\Java\jdk1.8.0_77\lib\tools.jar;D:\nodejs\;D:\AndroidSdk\platform-tools;D:\AndroidSdk\tools;C:\Program Files (x86)\MySQL\MySQL Utilities 1.3.6\;D:\apache-tomcat-8.0.39\bin;C:\Program Files\TortoiseSVN\bin;D:\apache-maven-3.3.9\bin;%ANDROID_SHOME%\platform-tools;D:\AndroidSdk\tools;C:\Program Files\TortoiseGit\bin;C:\Users\Administrator\AppData\Roaming\npm
USERNAME=Administrator
OS=Windows_NT
PROCESSOR_IDENTIFIER=Intel64 Family 6 Model 60 Stepping 3, GenuineIntel



---------------  S Y S T E M  ---------------

OS: Windows 7 , 64 bit Build 7601 (6.1.7601.23889)

CPU:total 4 (4 cores per cpu, 1 threads per core) family 6 model 60 stepping 3, cmov, cx8, fxsr, mmx, sse, sse2, sse3, ssse3, sse4.1, sse4.2, popcnt, avx, avx2, aes, clmul, erms, lzcnt, tsc, tscinvbit, bmi1, bmi2

Memory: 4k page, physical 8260760k(1720752k free), swap 16519660k(8091152k free)

vm_info: Java HotSpot(TM) 64-Bit Server VM (25.77-b03) for windows-amd64 JRE (1.8.0_77-b03), built on Mar 20 2016 22:01:33 by "java_re" with MS VC++ 10.0 (VS2010)

time: Wed Sep 27 12:19:46 2017
elapsed time: 4169 seconds (0d 1h 9m 29s)

